TN:
SF:/home/alberto/Escritorio/vue.js-unit-test-with-jest/Vue.js-unit-test-with-jest/src/App.vue
FN:16,(anonymous_1)
FNF:1
FNH:0
FNDA:0,(anonymous_1)
DA:16,0
LF:1
LH:0
BRF:0
BRH:0
end_of_record
TN:
SF:/home/alberto/Escritorio/vue.js-unit-test-with-jest/Vue.js-unit-test-with-jest/src/components/CustomCard.vue
FNF:0
FNH:0
DA:20,0
LF:1
LH:0
BRF:0
BRH:0
end_of_record
TN:
SF:/home/alberto/Escritorio/vue.js-unit-test-with-jest/Vue.js-unit-test-with-jest/src/components/Dashboard.vue
FNF:0
FNH:0
DA:24,0
LF:1
LH:0
BRF:0
BRH:0
end_of_record
TN:
SF:/home/alberto/Escritorio/vue.js-unit-test-with-jest/Vue.js-unit-test-with-jest/src/components/DisplayTemperature.vue
FNF:0
FNH:0
DA:21,3
LF:1
LH:1
BRF:0
BRH:0
end_of_record
TN:
SF:/home/alberto/Escritorio/vue.js-unit-test-with-jest/Vue.js-unit-test-with-jest/src/components/HelloWorld.vue
FNF:0
FNH:0
DA:14,0
LF:1
LH:0
BRF:0
BRH:0
end_of_record
TN:
SF:/home/alberto/Escritorio/vue.js-unit-test-with-jest/Vue.js-unit-test-with-jest/src/components/Home.vue
FN:39,(anonymous_1)
FN:49,(anonymous_2)
FNF:2
FNH:1
FNDA:0,(anonymous_1)
FNDA:6,(anonymous_2)
DA:26,1
DA:27,1
DA:28,1
DA:29,1
DA:38,1
DA:39,0
DA:40,0
DA:41,0
DA:42,0
DA:46,0
DA:49,6
LF:11
LH:6
BRF:0
BRH:0
end_of_record
TN:
SF:/home/alberto/Escritorio/vue.js-unit-test-with-jest/Vue.js-unit-test-with-jest/src/components/MessageToggle.vue
FN:15,(anonymous_1)
FNF:1
FNH:0
FNDA:0,(anonymous_1)
DA:11,0
DA:15,0
DA:20,0
LF:3
LH:0
BRDA:20,0,0,0
BRDA:20,0,1,0
BRF:2
BRH:0
end_of_record
TN:
SF:/home/alberto/Escritorio/vue.js-unit-test-with-jest/Vue.js-unit-test-with-jest/src/components/SolucionesC.vue
FNF:0
FNH:0
DA:69,0
LF:1
LH:0
BRF:0
BRH:0
end_of_record
TN:
SF:/home/alberto/Escritorio/vue.js-unit-test-with-jest/Vue.js-unit-test-with-jest/src/components/VLink.vue
FNF:0
FNH:0
DA:14,0
DA:26,0
DA:27,0
DA:28,0
DA:30,0
LF:5
LH:0
BRF:0
BRH:0
end_of_record
TN:
SF:/home/alberto/Escritorio/vue.js-unit-test-with-jest/Vue.js-unit-test-with-jest/src/components/YesNoComponent.vue
FNF:0
FNH:0
DA:20,0
DA:23,0
LF:2
LH:0
BRF:0
BRH:0
end_of_record
TN:
SF:/home/alberto/Escritorio/vue.js-unit-test-with-jest/Vue.js-unit-test-with-jest/src/components/ZipCodeInput.vue
FNF:0
FNH:0
DA:25,5
DA:32,1
DA:33,1
LF:3
LH:3
BRF:0
BRH:0
end_of_record
TN:
SF:/home/alberto/Escritorio/vue.js-unit-test-with-jest/Vue.js-unit-test-with-jest/src/components/botonCambioPagina.vue
FN:16,(anonymous_1)
FNF:1
FNH:0
FNDA:0,(anonymous_1)
DA:18,0
DA:19,0
DA:20,0
LF:3
LH:0
BRF:0
BRH:0
end_of_record
TN:
SF:/home/alberto/Escritorio/vue.js-unit-test-with-jest/Vue.js-unit-test-with-jest/src/components/botonesCalculadora.vue
FN:11,(anonymous_1)
FNF:1
FNH:0
FNDA:0,(anonymous_1)
DA:11,0
DA:15,0
DA:16,0
DA:17,0
DA:18,0
DA:20,0
DA:21,0
DA:22,0
DA:24,0
DA:25,0
DA:28,0
DA:29,0
DA:30,0
DA:33,0
DA:36,0
DA:38,0
DA:39,0
DA:41,0
DA:42,0
DA:44,0
DA:45,0
DA:46,0
DA:48,0
DA:50,0
DA:51,0
DA:53,0
DA:54,0
DA:56,0
DA:57,0
DA:59,0
DA:60,0
DA:62,0
DA:63,0
DA:65,0
DA:66,0
DA:68,0
DA:69,0
DA:71,0
DA:72,0
DA:74,0
DA:75,0
DA:77,0
DA:78,0
DA:80,0
DA:81,0
DA:83,0
DA:84,0
DA:86,0
DA:87,0
DA:88,0
DA:89,0
DA:90,0
DA:91,0
DA:92,0
DA:94,0
DA:99,0
DA:100,0
DA:101,0
DA:102,0
DA:103,0
DA:105,0
DA:106,0
DA:107,0
DA:108,0
DA:110,0
DA:111,0
DA:112,0
DA:113,0
DA:115,0
DA:116,0
DA:117,0
DA:118,0
DA:120,0
DA:121,0
DA:122,0
DA:123,0
DA:124,0
DA:126,0
DA:127,0
DA:128,0
DA:129,0
DA:130,0
DA:132,0
DA:133,0
DA:134,0
DA:135,0
DA:136,0
DA:138,0
DA:139,0
DA:140,0
DA:141,0
DA:142,0
DA:144,0
DA:146,0
DA:148,0
LF:95
LH:0
BRDA:20,0,0,0
BRDA:20,0,1,0
BRDA:21,1,0,0
BRDA:21,1,1,0
BRDA:24,2,0,0
BRDA:24,2,1,0
BRDA:28,3,0,0
BRDA:28,3,1,0
BRDA:29,4,0,0
BRDA:29,4,1,0
BRDA:38,5,0,0
BRDA:38,5,1,0
BRDA:43,6,0,0
BRDA:43,6,1,0
BRDA:43,6,2,0
BRDA:43,6,3,0
BRDA:43,6,4,0
BRDA:43,6,5,0
BRDA:43,6,6,0
BRDA:43,6,7,0
BRDA:43,6,8,0
BRDA:43,6,9,0
BRDA:45,7,0,0
BRDA:45,7,1,0
BRDA:50,8,0,0
BRDA:50,8,1,0
BRDA:56,9,0,0
BRDA:56,9,1,0
BRDA:62,10,0,0
BRDA:62,10,1,0
BRDA:68,11,0,0
BRDA:68,11,1,0
BRDA:74,12,0,0
BRDA:74,12,1,0
BRDA:80,13,0,0
BRDA:80,13,1,0
BRDA:104,14,0,0
BRDA:104,14,1,0
BRDA:104,14,2,0
BRDA:104,14,3,0
BRDA:104,14,4,0
BRDA:104,14,5,0
BRDA:104,14,6,0
BRDA:104,14,7,0
BRF:44
BRH:0
end_of_record
TN:
SF:/home/alberto/Escritorio/vue.js-unit-test-with-jest/Vue.js-unit-test-with-jest/src/components/cabecera-navegacion.vue
FN:40,(anonymous_1)
FNF:1
FNH:0
FNDA:0,(anonymous_1)
DA:37,0
DA:40,0
DA:47,0
DA:48,0
DA:50,0
DA:51,0
DA:52,0
DA:54,0
DA:55,0
DA:58,0
DA:59,0
DA:62,0
DA:63,0
DA:66,0
DA:67,0
DA:70,0
DA:71,0
DA:74,0
DA:75,0
DA:78,0
DA:79,0
DA:81,0
DA:82,0
DA:85,0
DA:86,0
DA:89,0
LF:26
LH:0
BRDA:53,0,0,0
BRDA:53,0,1,0
BRDA:53,0,2,0
BRDA:53,0,3,0
BRDA:53,0,4,0
BRDA:53,0,5,0
BRDA:53,0,6,0
BRDA:53,0,7,0
BRDA:53,0,8,0
BRDA:53,0,9,0
BRF:10
BRH:0
end_of_record
TN:
SF:/home/alberto/Escritorio/vue.js-unit-test-with-jest/Vue.js-unit-test-with-jest/src/components/cientifica.vue
FN:12,(anonymous_1)
FNF:1
FNH:0
FNDA:0,(anonymous_1)
DA:12,0
DA:16,0
DA:17,0
DA:18,0
DA:20,0
DA:21,0
LF:6
LH:0
BRDA:16,0,0,0
BRDA:16,0,1,0
BRF:2
BRH:0
end_of_record
TN:
SF:/home/alberto/Escritorio/vue.js-unit-test-with-jest/Vue.js-unit-test-with-jest/src/components/counter.vue
FNF:0
FNH:0
DA:19,1
DA:28,1
DA:31,1
DA:34,1
LF:4
LH:4
BRF:0
BRH:0
end_of_record
TN:
SF:/home/alberto/Escritorio/vue.js-unit-test-with-jest/Vue.js-unit-test-with-jest/src/components/dataTable.vue
FN:56,(anonymous_1)
FNF:1
FNH:0
FNDA:0,(anonymous_1)
DA:38,0
DA:55,0
DA:56,0
DA:66,0
DA:67,0
DA:68,0
DA:69,0
DA:71,0
DA:72,0
DA:73,0
LF:10
LH:0
BRF:0
BRH:0
end_of_record
TN:
SF:/home/alberto/Escritorio/vue.js-unit-test-with-jest/Vue.js-unit-test-with-jest/src/components/entrada.vue
FNF:0
FNH:0
DA:14,0
DA:25,0
DA:30,0
DA:31,0
DA:32,0
LF:5
LH:0
BRF:0
BRH:0
end_of_record
TN:
SF:/home/alberto/Escritorio/vue.js-unit-test-with-jest/Vue.js-unit-test-with-jest/src/components/grafico.vue
FN:76,(anonymous_1)
FNF:1
FNH:0
FNDA:0,(anonymous_1)
DA:76,0
LF:1
LH:0
BRF:0
BRH:0
end_of_record
TN:
SF:/home/alberto/Escritorio/vue.js-unit-test-with-jest/Vue.js-unit-test-with-jest/src/components/mapC.vue
FN:55,(anonymous_1)
FN:68,(anonymous_2)
FN:69,(anonymous_3)
FNF:3
FNH:0
FNDA:0,(anonymous_1)
FNDA:0,(anonymous_2)
FNDA:0,(anonymous_3)
DA:32,0
DA:43,0
DA:50,0
DA:53,0
DA:54,0
DA:55,0
DA:56,0
DA:57,0
DA:58,0
DA:62,0
DA:63,0
DA:64,0
DA:65,0
DA:69,0
DA:70,0
LF:15
LH:0
BRF:0
BRH:0
end_of_record
TN:
SF:/home/alberto/Escritorio/vue.js-unit-test-with-jest/Vue.js-unit-test-with-jest/src/components/numero.vue
FN:48,(anonymous_1)
FNF:1
FNH:0
FNDA:0,(anonymous_1)
DA:48,0
DA:52,0
DA:53,0
DA:54,0
DA:56,0
DA:58,0
LF:6
LH:0
BRDA:53,0,0,0
BRDA:53,0,1,0
BRF:2
BRH:0
end_of_record
TN:
SF:/home/alberto/Escritorio/vue.js-unit-test-with-jest/Vue.js-unit-test-with-jest/src/components/operacion.vue
FN:12,(anonymous_1)
FNF:1
FNH:0
FNDA:0,(anonymous_1)
DA:12,0
DA:16,0
DA:18,0
DA:19,0
DA:21,0
DA:23,0
DA:24,0
DA:26,0
DA:29,0
DA:30,0
DA:32,0
DA:33,0
DA:36,0
DA:37,0
DA:39,0
DA:40,0
DA:43,0
DA:44,0
DA:46,0
DA:47,0
DA:50,0
DA:51,0
DA:52,0
DA:53,0
DA:54,0
DA:56,0
DA:57,0
DA:64,0
DA:65,0
DA:66,0
DA:68,0
DA:69,0
DA:71,0
DA:72,0
DA:73,0
DA:75,0
DA:77,0
DA:78,0
DA:79,0
DA:81,0
DA:83,0
DA:84,0
DA:85,0
DA:87,0
DA:89,0
DA:90,0
DA:91,0
DA:92,0
DA:94,0
DA:97,0
DA:101,0
LF:51
LH:0
BRDA:20,0,0,0
BRDA:20,0,1,0
BRDA:20,0,2,0
BRDA:20,0,3,0
BRDA:20,0,4,0
BRDA:20,0,5,0
BRDA:20,0,6,0
BRDA:23,1,0,0
BRDA:23,1,1,0
BRDA:29,2,0,0
BRDA:29,2,1,0
BRDA:36,3,0,0
BRDA:36,3,1,0
BRDA:43,4,0,0
BRDA:43,4,1,0
BRDA:70,5,0,0
BRDA:70,5,1,0
BRDA:70,5,2,0
BRDA:70,5,3,0
BRDA:70,5,4,0
BRF:20
BRH:0
end_of_record
TN:
SF:/home/alberto/Escritorio/vue.js-unit-test-with-jest/Vue.js-unit-test-with-jest/src/components/operacionCientifica.vue
FN:17,(anonymous_1)
FN:97,(anonymous_2)
FNF:2
FNH:0
FNDA:0,(anonymous_1)
FNDA:0,(anonymous_2)
DA:17,0
DA:21,0
DA:23,0
DA:24,0
DA:26,0
DA:27,0
DA:28,0
DA:30,0
DA:32,0
DA:33,0
DA:35,0
DA:36,0
DA:38,0
DA:39,0
DA:41,0
DA:42,0
DA:44,0
DA:45,0
DA:47,0
DA:48,0
DA:50,0
DA:51,0
DA:52,0
DA:53,0
DA:54,0
DA:55,0
DA:56,0
DA:62,0
DA:63,0
DA:64,0
DA:65,0
DA:66,0
DA:68,0
DA:69,0
DA:70,0
DA:71,0
DA:73,0
DA:74,0
DA:75,0
DA:76,0
DA:78,0
DA:79,0
DA:80,0
DA:81,0
DA:83,0
DA:84,0
DA:85,0
DA:86,0
DA:88,0
DA:90,0
DA:92,0
DA:98,0
LF:52
LH:0
BRDA:25,0,0,0
BRDA:25,0,1,0
BRDA:25,0,2,0
BRDA:25,0,3,0
BRDA:25,0,4,0
BRDA:25,0,5,0
BRDA:25,0,6,0
BRDA:27,1,0,0
BRDA:27,1,1,0
BRDA:32,2,0,0
BRDA:32,2,1,0
BRDA:38,3,0,0
BRDA:38,3,1,0
BRDA:44,4,0,0
BRDA:44,4,1,0
BRDA:67,5,0,0
BRDA:67,5,1,0
BRDA:67,5,2,0
BRDA:67,5,3,0
BRDA:67,5,4,0
BRF:20
BRH:0
end_of_record
TN:
SF:/home/alberto/Escritorio/vue.js-unit-test-with-jest/Vue.js-unit-test-with-jest/src/components/salida.vue
FN:26,(anonymous_1)
FNF:1
FNH:0
FNDA:0,(anonymous_1)
DA:26,0
LF:1
LH:0
BRF:0
BRH:0
end_of_record
TN:
SF:/home/alberto/Escritorio/vue.js-unit-test-with-jest/Vue.js-unit-test-with-jest/src/components/verpedigree.vue
FNF:0
FNH:0
DA:46,10
DA:56,1
DA:57,1
DA:60,0
DA:63,2
DA:64,2
DA:67,2
DA:69,1
DA:71,1
DA:72,1
DA:74,1
DA:77,0
DA:78,0
DA:79,0
DA:82,0
DA:83,0
DA:84,0
DA:87,0
DA:88,0
DA:89,0
DA:92,1
LF:21
LH:11
BRDA:68,0,0,1
BRDA:68,0,1,0
BRDA:68,0,2,0
BRDA:68,0,3,0
BRDA:68,0,4,1
BRF:5
BRH:2
end_of_record
TN:
SF:/home/alberto/Escritorio/vue.js-unit-test-with-jest/Vue.js-unit-test-with-jest/src/layouts/Main.vue
FNF:0
FNH:0
DA:24,0
LF:1
LH:0
BRF:0
BRH:0
end_of_record
TN:
SF:/home/alberto/Escritorio/vue.js-unit-test-with-jest/Vue.js-unit-test-with-jest/src/layouts/formulario.vue
FN:40,(anonymous_1)
FN:51,(anonymous_2)
FNF:2
FNH:0
FNDA:0,(anonymous_1)
FNDA:0,(anonymous_2)
DA:38,0
DA:40,0
DA:52,0
DA:53,0
DA:54,0
DA:55,0
DA:57,0
DA:58,0
DA:59,0
DA:60,0
DA:62,0
LF:11
LH:0
BRF:0
BRH:0
end_of_record
TN:
SF:/home/alberto/Escritorio/vue.js-unit-test-with-jest/Vue.js-unit-test-with-jest/src/views/Calculadora.vue
FN:59,(anonymous_1)
FNF:1
FNH:0
FNDA:0,(anonymous_1)
DA:51,0
DA:52,0
DA:53,0
DA:54,0
DA:55,0
DA:59,0
LF:6
LH:0
BRF:0
BRH:0
end_of_record
TN:
SF:/home/alberto/Escritorio/vue.js-unit-test-with-jest/Vue.js-unit-test-with-jest/src/views/Camadas.vue
FN:123,(anonymous_1)
FNF:1
FNH:0
FNDA:0,(anonymous_1)
DA:120,0
DA:123,0
LF:2
LH:0
BRF:0
BRH:0
end_of_record
TN:
SF:/home/alberto/Escritorio/vue.js-unit-test-with-jest/Vue.js-unit-test-with-jest/src/views/DataTableV.vue
FNF:0
FNH:0
DA:14,0
DA:15,0
LF:2
LH:0
BRF:0
BRH:0
end_of_record
TN:
SF:/home/alberto/Escritorio/vue.js-unit-test-with-jest/Vue.js-unit-test-with-jest/src/views/Inicio.vue
FNF:0
FNH:0
DA:12,0
DA:13,0
DA:14,0
LF:3
LH:0
BRF:0
BRH:0
end_of_record
TN:
SF:/home/alberto/Escritorio/vue.js-unit-test-with-jest/Vue.js-unit-test-with-jest/src/views/Relacionadas.vue
FNF:0
FNH:0
DA:73,0
DA:74,0
DA:82,0
LF:3
LH:0
BRF:0
BRH:0
end_of_record
TN:
SF:/home/alberto/Escritorio/vue.js-unit-test-with-jest/Vue.js-unit-test-with-jest/src/views/SolucionesV.vue
FN:27,(anonymous_1)
FNF:1
FNH:0
FNDA:0,(anonymous_1)
DA:21,0
DA:22,0
DA:27,0
LF:3
LH:0
BRF:0
BRH:0
end_of_record
TN:
SF:/home/alberto/Escritorio/vue.js-unit-test-with-jest/Vue.js-unit-test-with-jest/src/views/VistaBotonesCalculadora.vue
FN:137,(anonymous_1)
FNF:1
FNH:0
FNDA:0,(anonymous_1)
DA:131,0
DA:132,0
DA:133,0
DA:137,0
LF:4
LH:0
BRF:0
BRH:0
end_of_record
TN:
SF:/home/alberto/Escritorio/vue.js-unit-test-with-jest/Vue.js-unit-test-with-jest/src/views/mapV.vue
FNF:0
FNH:0
DA:17,0
DA:19,0
LF:2
LH:0
BRF:0
BRH:0
end_of_record
TN:
SF:/home/alberto/Escritorio/vue.js-unit-test-with-jest/Vue.js-unit-test-with-jest/src/views/vacio.vue
FNF:0
FNH:0
DA:15,0
DA:16,0
LF:2
LH:0
BRF:0
BRH:0
end_of_record
